<?xml version="1.0" encoding="UTF-8"?>
<!-- Generated by org.testng.reporters.JUnitReportReporter -->
<testsuite hostname="DESKTOP-83CVAPJ" name="SimpleGetTest" tests="1" failures="0" timestamp="19 Dec 2019 09:48:58 GMT" time="1.800" errors="0">
  <testcase name="GetWeatherDetails" time="1.800" classname="SimpleGetTest"/>
</testsuite> <!-- SimpleGetTest -->
